<?xml version="1.0" encoding="UTF-8"?>
<!-- Generated by org.testng.reporters.JUnitXMLReporter -->
<testsuite ignored="2" hostname="user-Allbook-I-1" failures="0" tests="1" name="Surefire test" time="7.286" errors="0" timestamp="2025-03-18T22:13:24 EET">
  <testcase classname="com.auto.framework.ElementTests" name="sanityCheck" time="4.325"/>
  <testcase classname="com.auto.framework.ElementTests" name="textBoxVal__TC001" time="0.0">
    <ignored/>
  </testcase> <!-- textBoxVal__TC001 -->
  <testcase classname="com.auto.framework.ElementTests" name="RadioButtonVal__TC003" time="0.0">
    <ignored/>
  </testcase> <!-- RadioButtonVal__TC003 -->
</testsuite> <!-- Surefire test -->
