<?xml version="1.0" encoding="UTF-8"?>
<testng-results ignored="2" total="3" passed="1" failed="0" skipped="0">
  <reporter-output>
  </reporter-output>
  <suite started-at="2025-03-18T22:13:17 EET" name="Surefire suite" finished-at="2025-03-18T22:13:24 EET" duration-ms="7286">
    <groups>
      <group name="Sanity Test">
        <method signature="ElementTests.sanityCheck()[pri:0, instance:com.auto.framework.ElementTests@75c9e76b]" name="sanityCheck" class="com.auto.framework.ElementTests"/>
      </group> <!-- Sanity Test -->
    </groups>
    <test started-at="2025-03-18T22:13:17 EET" name="Surefire test" finished-at="2025-03-18T22:13:24 EET" duration-ms="7286">
      <class name="com.auto.framework.ElementTests">
        <test-method is-config="true" signature="springTestContextBeforeTestClass()[pri:0, instance:com.auto.framework.ElementTests@75c9e76b]" started-at="2025-03-18T22:13:17 EET" name="springTestContextBeforeTestClass" finished-at="2025-03-18T22:13:17 EET" duration-ms="19" status="PASS">
          <reporter-output>
          </reporter-output>
        </test-method> <!-- springTestContextBeforeTestClass -->
        <test-method is-config="true" signature="springTestContextBeforeTestMethod(java.lang.reflect.Method)[pri:0, instance:com.auto.framework.ElementTests@75c9e76b]" started-at="2025-03-18T22:13:17 EET" name="springTestContextBeforeTestMethod" finished-at="2025-03-18T22:13:19 EET" duration-ms="2273" status="PASS">
          <params>
            <param index="0">
              <value>
                <![CDATA[public void com.auto.framework.ElementTests.sanityCheck()]]>
              </value>
            </param>
          </params>
          <reporter-output>
          </reporter-output>
        </test-method> <!-- springTestContextBeforeTestMethod -->
        <test-method is-config="true" signature="springTestContextPrepareTestInstance()[pri:0, instance:com.auto.framework.ElementTests@75c9e76b]" started-at="2025-03-18T22:13:19 EET" name="springTestContextPrepareTestInstance" finished-at="2025-03-18T22:13:20 EET" duration-ms="43" status="PASS">
          <reporter-output>
          </reporter-output>
        </test-method> <!-- springTestContextPrepareTestInstance -->
        <test-method signature="sanityCheck()[pri:0, instance:com.auto.framework.ElementTests@75c9e76b]" started-at="2025-03-18T22:13:20 EET" name="sanityCheck" finished-at="2025-03-18T22:13:24 EET" duration-ms="4325" status="PASS">
          <reporter-output>
          </reporter-output>
        </test-method> <!-- sanityCheck -->
        <test-method is-config="true" signature="teardownDriver()[pri:0, instance:com.auto.framework.ElementTests@75c9e76b]" started-at="2025-03-18T22:13:24 EET" name="teardownDriver" finished-at="2025-03-18T22:13:24 EET" duration-ms="387" status="PASS">
          <reporter-output>
          </reporter-output>
        </test-method> <!-- teardownDriver -->
        <test-method is-config="true" signature="springTestContextAfterTestMethod(java.lang.reflect.Method)[pri:0, instance:com.auto.framework.ElementTests@75c9e76b]" started-at="2025-03-18T22:13:24 EET" name="springTestContextAfterTestMethod" finished-at="2025-03-18T22:13:24 EET" duration-ms="5" status="PASS">
          <params>
            <param index="0">
              <value>
                <![CDATA[public void com.auto.framework.ElementTests.sanityCheck()]]>
              </value>
            </param>
          </params>
          <reporter-output>
          </reporter-output>
        </test-method> <!-- springTestContextAfterTestMethod -->
        <test-method is-config="true" signature="springTestContextAfterTestClass()[pri:0, instance:com.auto.framework.ElementTests@75c9e76b]" started-at="2025-03-18T22:13:24 EET" name="springTestContextAfterTestClass" finished-at="2025-03-18T22:13:24 EET" duration-ms="5" status="PASS">
          <reporter-output>
          </reporter-output>
        </test-method> <!-- springTestContextAfterTestClass -->
      </class> <!-- com.auto.framework.ElementTests -->
    </test> <!-- Surefire test -->
  </suite> <!-- Surefire suite -->
</testng-results>
