<?xml version="1.0" encoding="UTF-8"?>
<testsuite xmlns:xsi="http://www.w3.org/2001/XMLSchema-instance" xsi:noNamespaceSchemaLocation="https://maven.apache.org/surefire/maven-surefire-plugin/xsd/surefire-test-report-3.0.xsd" version="3.0" name="com.auto.framework.ElementTests" time="8.784" tests="1" errors="0" skipped="0" failures="0">
  <properties>
[...]
</properties>
  <testcase name="sanityCheck" classname="com.auto.framework.ElementTests" time="4.333">
    <system-out><![CDATA[22:13:17.031 [main] INFO org.springframework.test.context.support.AnnotationConfigContextLoaderUtils -- Could not detect default configuration classes for test class [com.auto.framework.ElementTests]: ElementTests does not declare any static, non-private, non-final, nested classes annotated with @Configuration.
22:13:17.242 [main] INFO org.springframework.boot.test.context.SpringBootTestContextBootstrapper -- Found @SpringBootConfiguration com.auto.framework.SpringAutoFrameworkApplication for test class com.auto.framework.ElementTests

  .   ____          _            __ _ _
 /\\ / ___'_ __ _ _(_)_ __  __ _ \ \ \ \
( ( )\___ | '_ | '_| | '_ \/ _` | \ \ \ \
 \\/  ___)| |_)| | | | | || (_| |  ) ) ) )
  '  |____| .__|_| |_|_| |_\__, | / / / /
 =========|_|==============|___/=/_/_/_/
 :: Spring Boot ::                (v3.1.3)

2025-03-18T22:13:17.974+02:00  INFO 101532 --- [           main] com.auto.framework.ElementTests          : Starting ElementTests using Java 17.0.14 with PID 101532 (/home/user/Documents/devStuff/Spring-Boot-Automation-Framework/target/test-classes started by user in /home/user/Documents/devStuff/Spring-Boot-Automation-Framework)
2025-03-18T22:13:17.977+02:00  INFO 101532 --- [           main] com.auto.framework.ElementTests          : No active profile set, falling back to 1 default profile: "default"
2025-03-18T22:13:18.940+02:00  INFO 101532 --- [           main] com.auto.framework.ElementTests          : Started ElementTests in 1.333 seconds (process running for 2.995)
2025-03-18T22:13:20.057+02:00  INFO 101532 --- [           main] c.auto.framework.listeners.TestListener  : Started: sanityCheck
2025-03-18T22:13:20.176+02:00  INFO 101532 --- [           main] com.auto.framework.actions.UIElements    : Loading https://demoqa.com/elements
2025-03-18T22:13:20.216+02:00  INFO 101532 --- [           main] c.auto.framework.config.WebDriverConfig  : Creating Driver
2025-03-18T22:13:20.829+02:00  INFO 101532 --- [           main] i.g.bonigarcia.wdm.WebDriverManager      : Using chromedriver 134.0.6998.88 (resolved driver for Chrome 134)
2025-03-18T22:13:20.845+02:00  INFO 101532 --- [           main] i.g.bonigarcia.wdm.WebDriverManager      : Exporting webdriver.chrome.driver as /home/user/.cache/selenium/chromedriver/linux64/134.0.6998.88/chromedriver
2025-03-18T22:13:22.039+02:00  WARN 101532 --- [           main] o.o.selenium.devtools.CdpVersionFinder   : Unable to find an exact match for CDP version 134, returning the closest version; found: 133; Please update to a Selenium version that supports CDP version 134
2025-03-18T22:13:22.072+02:00  WARN 101532 --- [           main] o.s.context.support.SimpleThreadScope    : SimpleThreadScope does not support destruction callbacks. Consider using RequestScope in a web environment.
]]></system-out>
  </testcase>
</testsuite>